0 info it worked if it ends with ok
1 verbose cli [ 'C:\\Program Files\\nodejs\\node.exe',
1 verbose cli   'C:\\Program Files\\nodejs\\node_modules\\npm\\bin\\npm-cli.js',
1 verbose cli   'install',
1 verbose cli   'hiredis',
1 verbose cli   '--save' ]
2 info using npm@3.10.3
3 info using node@v6.5.0
4 silly loadCurrentTree Starting
5 silly install loadCurrentTree
6 silly install readLocalPackageData
7 silly fetchPackageMetaData hiredis
8 silly fetchNamedPackageData hiredis
9 silly mapToRegistry name hiredis
10 silly mapToRegistry using default registry
11 silly mapToRegistry registry https://registry.npmjs.org/
12 silly mapToRegistry data Result {
12 silly mapToRegistry   raw: 'hiredis',
12 silly mapToRegistry   scope: null,
12 silly mapToRegistry   escapedName: 'hiredis',
12 silly mapToRegistry   name: 'hiredis',
12 silly mapToRegistry   rawSpec: '',
12 silly mapToRegistry   spec: 'latest',
12 silly mapToRegistry   type: 'tag' }
13 silly mapToRegistry uri https://registry.npmjs.org/hiredis
14 verbose request uri https://registry.npmjs.org/hiredis
15 verbose request no auth needed
16 info attempt registry request try #1 at 09:30:52
17 verbose request id c03470740c4999af
18 verbose etag "9YU1XAV9AH1YH7OBHI8CICMO4"
19 http request GET https://registry.npmjs.org/hiredis
20 http 304 https://registry.npmjs.org/hiredis
21 verbose headers { date: 'Fri, 21 Oct 2016 01:31:06 GMT',
21 verbose headers   via: '1.1 varnish',
21 verbose headers   'cache-control': 'max-age=300',
21 verbose headers   etag: '"9YU1XAV9AH1YH7OBHI8CICMO4"',
21 verbose headers   age: '0',
21 verbose headers   connection: 'keep-alive',
21 verbose headers   'x-served-by': 'cache-lcy1150-LCY',
21 verbose headers   'x-cache': 'MISS',
21 verbose headers   'x-cache-hits': '0',
21 verbose headers   'x-timer': 'S1477013466.338464,VS0,VE701',
21 verbose headers   vary: 'Accept-Encoding' }
22 silly get cb [ 304,
22 silly get   { date: 'Fri, 21 Oct 2016 01:31:06 GMT',
22 silly get     via: '1.1 varnish',
22 silly get     'cache-control': 'max-age=300',
22 silly get     etag: '"9YU1XAV9AH1YH7OBHI8CICMO4"',
22 silly get     age: '0',
22 silly get     connection: 'keep-alive',
22 silly get     'x-served-by': 'cache-lcy1150-LCY',
22 silly get     'x-cache': 'MISS',
22 silly get     'x-cache-hits': '0',
22 silly get     'x-timer': 'S1477013466.338464,VS0,VE701',
22 silly get     vary: 'Accept-Encoding' } ]
23 verbose etag https://registry.npmjs.org/hiredis from cache
24 verbose get saving hiredis to C:\Users\yuliang\AppData\Roaming\npm-cache\registry.npmjs.org\hiredis\.cache.json
25 verbose correctMkdir C:\Users\yuliang\AppData\Roaming\npm-cache correctMkdir not in flight; initializing
26 silly install normalizeTree
27 silly loadCurrentTree Finishing
28 silly loadIdealTree Starting
29 silly install loadIdealTree
30 silly cloneCurrentTree Starting
31 silly install cloneCurrentTreeToIdealTree
32 silly cloneCurrentTree Finishing
33 silly loadShrinkwrap Starting
34 silly install loadShrinkwrap
35 silly loadShrinkwrap Finishing
36 silly loadAllDepsIntoIdealTree Starting
37 silly install loadAllDepsIntoIdealTree
38 silly resolveWithNewModule hiredis@0.5.0 checking installable status
39 silly cache add args [ 'hiredis', null ]
40 verbose cache add spec hiredis
41 silly cache add parsed spec Result {
41 silly cache add   raw: 'hiredis',
41 silly cache add   scope: null,
41 silly cache add   escapedName: 'hiredis',
41 silly cache add   name: 'hiredis',
41 silly cache add   rawSpec: '',
41 silly cache add   spec: 'latest',
41 silly cache add   type: 'tag' }
42 silly addNamed hiredis@latest
43 verbose addNamed "latest" is being treated as a dist-tag for hiredis
44 info addNameTag [ 'hiredis', 'latest' ]
45 silly mapToRegistry name hiredis
46 silly mapToRegistry using default registry
47 silly mapToRegistry registry https://registry.npmjs.org/
48 silly mapToRegistry data Result {
48 silly mapToRegistry   raw: 'hiredis',
48 silly mapToRegistry   scope: null,
48 silly mapToRegistry   escapedName: 'hiredis',
48 silly mapToRegistry   name: 'hiredis',
48 silly mapToRegistry   rawSpec: '',
48 silly mapToRegistry   spec: 'latest',
48 silly mapToRegistry   type: 'tag' }
49 silly mapToRegistry uri https://registry.npmjs.org/hiredis
50 verbose addNameTag registry:https://registry.npmjs.org/hiredis not in flight; fetching
51 verbose get https://registry.npmjs.org/hiredis not expired, no request
52 silly addNameTag next cb for hiredis with tag latest
53 silly addNamed hiredis@0.5.0
54 verbose addNamed "0.5.0" is a plain semver version for hiredis
55 silly cache afterAdd hiredis@0.5.0
56 verbose afterAdd C:\Users\yuliang\AppData\Roaming\npm-cache\hiredis\0.5.0\package\package.json not in flight; writing
57 verbose correctMkdir C:\Users\yuliang\AppData\Roaming\npm-cache correctMkdir not in flight; initializing
58 verbose afterAdd C:\Users\yuliang\AppData\Roaming\npm-cache\hiredis\0.5.0\package\package.json written
59 silly fetchNamedPackageData bindings
60 silly mapToRegistry name bindings
61 silly mapToRegistry using default registry
62 silly mapToRegistry registry https://registry.npmjs.org/
63 silly mapToRegistry data Result {
63 silly mapToRegistry   raw: 'bindings',
63 silly mapToRegistry   scope: null,
63 silly mapToRegistry   escapedName: 'bindings',
63 silly mapToRegistry   name: 'bindings',
63 silly mapToRegistry   rawSpec: '',
63 silly mapToRegistry   spec: 'latest',
63 silly mapToRegistry   type: 'tag' }
64 silly mapToRegistry uri https://registry.npmjs.org/bindings
65 silly fetchNamedPackageData nan
66 silly mapToRegistry name nan
67 silly mapToRegistry using default registry
68 silly mapToRegistry registry https://registry.npmjs.org/
69 silly mapToRegistry data Result {
69 silly mapToRegistry   raw: 'nan',
69 silly mapToRegistry   scope: null,
69 silly mapToRegistry   escapedName: 'nan',
69 silly mapToRegistry   name: 'nan',
69 silly mapToRegistry   rawSpec: '',
69 silly mapToRegistry   spec: 'latest',
69 silly mapToRegistry   type: 'tag' }
70 silly mapToRegistry uri https://registry.npmjs.org/nan
71 verbose request uri https://registry.npmjs.org/bindings
72 verbose request no auth needed
73 info attempt registry request try #1 at 09:31:07
74 verbose etag "8QW29MHCPCE6VJCVI3QVXRJAQ"
75 http request GET https://registry.npmjs.org/bindings
76 verbose request uri https://registry.npmjs.org/nan
77 verbose request no auth needed
78 info attempt registry request try #1 at 09:31:07
79 verbose etag "2QXFPVXUU9DUUTAACVV4FOU2Z"
80 http request GET https://registry.npmjs.org/nan
81 http 304 https://registry.npmjs.org/nan
82 verbose headers { date: 'Fri, 21 Oct 2016 01:31:08 GMT',
82 verbose headers   via: '1.1 varnish',
82 verbose headers   'cache-control': 'max-age=300',
82 verbose headers   etag: '"2QXFPVXUU9DUUTAACVV4FOU2Z"',
82 verbose headers   age: '56',
82 verbose headers   connection: 'keep-alive',
82 verbose headers   'x-served-by': 'cache-lcy1137-LCY',
82 verbose headers   'x-cache': 'HIT',
82 verbose headers   'x-cache-hits': '1',
82 verbose headers   'x-timer': 'S1477013468.140741,VS0,VE0',
82 verbose headers   vary: 'Accept-Encoding' }
83 silly get cb [ 304,
83 silly get   { date: 'Fri, 21 Oct 2016 01:31:08 GMT',
83 silly get     via: '1.1 varnish',
83 silly get     'cache-control': 'max-age=300',
83 silly get     etag: '"2QXFPVXUU9DUUTAACVV4FOU2Z"',
83 silly get     age: '56',
83 silly get     connection: 'keep-alive',
83 silly get     'x-served-by': 'cache-lcy1137-LCY',
83 silly get     'x-cache': 'HIT',
83 silly get     'x-cache-hits': '1',
83 silly get     'x-timer': 'S1477013468.140741,VS0,VE0',
83 silly get     vary: 'Accept-Encoding' } ]
84 verbose etag https://registry.npmjs.org/nan from cache
85 verbose get saving nan to C:\Users\yuliang\AppData\Roaming\npm-cache\registry.npmjs.org\nan\.cache.json
86 verbose correctMkdir C:\Users\yuliang\AppData\Roaming\npm-cache correctMkdir not in flight; initializing
87 silly resolveWithNewModule nan@2.4.0 checking installable status
88 silly cache add args [ 'nan@^2.3.4', null ]
89 verbose cache add spec nan@^2.3.4
90 silly cache add parsed spec Result {
90 silly cache add   raw: 'nan@^2.3.4',
90 silly cache add   scope: null,
90 silly cache add   escapedName: 'nan',
90 silly cache add   name: 'nan',
90 silly cache add   rawSpec: '^2.3.4',
90 silly cache add   spec: '>=2.3.4 <3.0.0',
90 silly cache add   type: 'range' }
91 silly addNamed nan@>=2.3.4 <3.0.0
92 verbose addNamed ">=2.3.4 <3.0.0" is a valid semver range for nan
93 silly addNameRange { name: 'nan', range: '>=2.3.4 <3.0.0', hasData: false }
94 silly mapToRegistry name nan
95 silly mapToRegistry using default registry
96 silly mapToRegistry registry https://registry.npmjs.org/
97 silly mapToRegistry data Result {
97 silly mapToRegistry   raw: 'nan',
97 silly mapToRegistry   scope: null,
97 silly mapToRegistry   escapedName: 'nan',
97 silly mapToRegistry   name: 'nan',
97 silly mapToRegistry   rawSpec: '',
97 silly mapToRegistry   spec: 'latest',
97 silly mapToRegistry   type: 'tag' }
98 silly mapToRegistry uri https://registry.npmjs.org/nan
99 verbose addNameRange registry:https://registry.npmjs.org/nan not in flight; fetching
100 verbose get https://registry.npmjs.org/nan not expired, no request
101 silly addNameRange number 2 { name: 'nan', range: '>=2.3.4 <3.0.0', hasData: true }
102 silly addNameRange versions [ 'nan',
102 silly addNameRange   [ '0.3.0-wip',
102 silly addNameRange     '0.3.0-wip2',
102 silly addNameRange     '0.3.0',
102 silly addNameRange     '0.3.1',
102 silly addNameRange     '0.3.2',
102 silly addNameRange     '0.4.0',
102 silly addNameRange     '0.4.1',
102 silly addNameRange     '0.4.2',
102 silly addNameRange     '0.4.3',
102 silly addNameRange     '0.4.4',
102 silly addNameRange     '0.5.0',
102 silly addNameRange     '0.5.1',
102 silly addNameRange     '0.5.2',
102 silly addNameRange     '0.6.0',
102 silly addNameRange     '0.7.0',
102 silly addNameRange     '0.7.1',
102 silly addNameRange     '0.8.0',
102 silly addNameRange     '1.0.0',
102 silly addNameRange     '1.1.0',
102 silly addNameRange     '1.1.1',
102 silly addNameRange     '1.1.2',
102 silly addNameRange     '1.2.0',
102 silly addNameRange     '1.3.0',
102 silly addNameRange     '1.4.0',
102 silly addNameRange     '1.4.1',
102 silly addNameRange     '1.5.0',
102 silly addNameRange     '1.4.2',
102 silly addNameRange     '1.4.3',
102 silly addNameRange     '1.5.1',
102 silly addNameRange     '1.5.2',
102 silly addNameRange     '1.6.0',
102 silly addNameRange     '1.5.3',
102 silly addNameRange     '1.6.1',
102 silly addNameRange     '1.6.2',
102 silly addNameRange     '1.7.0',
102 silly addNameRange     '1.8.0',
102 silly addNameRange     '1.8.1',
102 silly addNameRange     '1.8.2',
102 silly addNameRange     '1.8.3',
102 silly addNameRange     '1.8.4',
102 silly addNameRange     '1.9.0',
102 silly addNameRange     '2.0.0',
102 silly addNameRange     '2.0.1',
102 silly addNameRange     '2.0.2',
102 silly addNameRange     '2.0.3',
102 silly addNameRange     '2.0.4',
102 silly addNameRange     '2.0.5',
102 silly addNameRange     '2.0.6',
102 silly addNameRange     '2.0.7',
102 silly addNameRange     '2.0.8',
102 silly addNameRange     '2.0.9',
102 silly addNameRange     '2.1.0',
102 silly addNameRange     '2.2.0',
102 silly addNameRange     '2.2.1',
102 silly addNameRange     '2.3.0',
102 silly addNameRange     '2.3.1',
102 silly addNameRange     '2.3.2',
102 silly addNameRange     '2.3.3',
102 silly addNameRange     '2.3.4',
102 silly addNameRange     '2.3.5',
102 silly addNameRange     '2.4.0' ] ]
103 silly addNamed nan@2.4.0
104 verbose addNamed "2.4.0" is a plain semver version for nan
105 silly cache afterAdd nan@2.4.0
106 verbose afterAdd C:\Users\yuliang\AppData\Roaming\npm-cache\nan\2.4.0\package\package.json not in flight; writing
107 verbose correctMkdir C:\Users\yuliang\AppData\Roaming\npm-cache correctMkdir not in flight; initializing
108 verbose afterAdd C:\Users\yuliang\AppData\Roaming\npm-cache\nan\2.4.0\package\package.json written
109 http 304 https://registry.npmjs.org/bindings
110 verbose headers { date: 'Fri, 21 Oct 2016 01:31:07 GMT',
110 verbose headers   via: '1.1 varnish',
110 verbose headers   'cache-control': 'max-age=300',
110 verbose headers   etag: '"8QW29MHCPCE6VJCVI3QVXRJAQ"',
110 verbose headers   age: '0',
110 verbose headers   connection: 'keep-alive',
110 verbose headers   'x-served-by': 'cache-lcy1150-LCY',
110 verbose headers   'x-cache': 'HIT',
110 verbose headers   'x-cache-hits': '1',
110 verbose headers   'x-timer': 'S1477013467.528386,VS0,VE688',
110 verbose headers   vary: 'Accept-Encoding' }
111 silly get cb [ 304,
111 silly get   { date: 'Fri, 21 Oct 2016 01:31:07 GMT',
111 silly get     via: '1.1 varnish',
111 silly get     'cache-control': 'max-age=300',
111 silly get     etag: '"8QW29MHCPCE6VJCVI3QVXRJAQ"',
111 silly get     age: '0',
111 silly get     connection: 'keep-alive',
111 silly get     'x-served-by': 'cache-lcy1150-LCY',
111 silly get     'x-cache': 'HIT',
111 silly get     'x-cache-hits': '1',
111 silly get     'x-timer': 'S1477013467.528386,VS0,VE688',
111 silly get     vary: 'Accept-Encoding' } ]
112 verbose etag https://registry.npmjs.org/bindings from cache
113 verbose get saving bindings to C:\Users\yuliang\AppData\Roaming\npm-cache\registry.npmjs.org\bindings\.cache.json
114 verbose correctMkdir C:\Users\yuliang\AppData\Roaming\npm-cache correctMkdir not in flight; initializing
115 silly resolveWithNewModule bindings@1.2.1 checking installable status
116 silly cache add args [ 'bindings@^1.2.1', null ]
117 verbose cache add spec bindings@^1.2.1
118 silly cache add parsed spec Result {
118 silly cache add   raw: 'bindings@^1.2.1',
118 silly cache add   scope: null,
118 silly cache add   escapedName: 'bindings',
118 silly cache add   name: 'bindings',
118 silly cache add   rawSpec: '^1.2.1',
118 silly cache add   spec: '>=1.2.1 <2.0.0',
118 silly cache add   type: 'range' }
119 silly addNamed bindings@>=1.2.1 <2.0.0
120 verbose addNamed ">=1.2.1 <2.0.0" is a valid semver range for bindings
121 silly addNameRange { name: 'bindings', range: '>=1.2.1 <2.0.0', hasData: false }
122 silly mapToRegistry name bindings
123 silly mapToRegistry using default registry
124 silly mapToRegistry registry https://registry.npmjs.org/
125 silly mapToRegistry data Result {
125 silly mapToRegistry   raw: 'bindings',
125 silly mapToRegistry   scope: null,
125 silly mapToRegistry   escapedName: 'bindings',
125 silly mapToRegistry   name: 'bindings',
125 silly mapToRegistry   rawSpec: '',
125 silly mapToRegistry   spec: 'latest',
125 silly mapToRegistry   type: 'tag' }
126 silly mapToRegistry uri https://registry.npmjs.org/bindings
127 verbose addNameRange registry:https://registry.npmjs.org/bindings not in flight; fetching
128 verbose get https://registry.npmjs.org/bindings not expired, no request
129 silly addNameRange number 2 { name: 'bindings', range: '>=1.2.1 <2.0.0', hasData: true }
130 silly addNameRange versions [ 'bindings',
130 silly addNameRange   [ '0.0.1',
130 silly addNameRange     '0.1.0',
130 silly addNameRange     '0.1.1',
130 silly addNameRange     '0.2.0',
130 silly addNameRange     '0.2.1',
130 silly addNameRange     '0.2.2',
130 silly addNameRange     '0.2.3',
130 silly addNameRange     '0.2.4',
130 silly addNameRange     '0.3.0',
130 silly addNameRange     '0.4.0',
130 silly addNameRange     '1.0.0',
130 silly addNameRange     '1.1.0',
130 silly addNameRange     '1.1.1',
130 silly addNameRange     '1.2.0',
130 silly addNameRange     '1.2.1' ] ]
131 silly addNamed bindings@1.2.1
132 verbose addNamed "1.2.1" is a plain semver version for bindings
133 silly cache afterAdd bindings@1.2.1
134 verbose afterAdd C:\Users\yuliang\AppData\Roaming\npm-cache\bindings\1.2.1\package\package.json not in flight; writing
135 verbose correctMkdir C:\Users\yuliang\AppData\Roaming\npm-cache correctMkdir not in flight; initializing
136 verbose afterAdd C:\Users\yuliang\AppData\Roaming\npm-cache\bindings\1.2.1\package\package.json written
137 silly loadAllDepsIntoIdealTree Finishing
138 silly loadIdealTree Finishing
139 silly currentTree epaper-class-relation@0.0.1
139 silly currentTree +-- accepts@1.3.3
139 silly currentTree +-- ansi-regex@2.0.0
139 silly currentTree +-- ansi-styles@2.2.1
139 silly currentTree +-- any-promise@1.3.0
139 silly currentTree +-- asn1@0.2.3
139 silly currentTree +-- assert-plus@0.2.0
139 silly currentTree +-- asynckit@0.4.0
139 silly currentTree +-- aws-sign2@0.6.0
139 silly currentTree +-- aws4@1.4.1
139 silly currentTree +-- bcrypt-pbkdf@1.0.0
139 silly currentTree +-- bignumber.js@2.3.0
139 silly currentTree +-- bl@1.1.2
139 silly currentTree | +-- isarray@1.0.0
139 silly currentTree | `-- readable-stream@2.0.6
139 silly currentTree +-- bluebird@3.4.6
139 silly currentTree +-- boom@2.10.1
139 silly currentTree +-- bytes@1.0.0
139 silly currentTree +-- caseless@0.11.0
139 silly currentTree +-- chalk@1.1.3
139 silly currentTree +-- cluster-key-slot@1.0.8
139 silly currentTree +-- co-body@1.1.0
139 silly currentTree +-- co@3.1.0
139 silly currentTree +-- combined-stream@1.0.5
139 silly currentTree +-- commander@2.9.0
139 silly currentTree +-- composition@2.3.0
139 silly currentTree | `-- co@4.6.0
139 silly currentTree +-- content-disposition@0.5.1
139 silly currentTree +-- content-type@1.0.2
139 silly currentTree +-- cookies@0.5.1
139 silly currentTree +-- copy-to@2.0.1
139 silly currentTree +-- core-util-is@1.0.2
139 silly currentTree +-- cron-parser@1.1.0
139 silly currentTree +-- cryptiles@2.0.5
139 silly currentTree +-- dashdash@1.14.0
139 silly currentTree | `-- assert-plus@1.0.0
139 silly currentTree +-- debug@1.0.4
139 silly currentTree +-- deep-equal@1.0.1
139 silly currentTree +-- delayed-stream@1.0.0
139 silly currentTree +-- delegates@0.1.0
139 silly currentTree +-- depd@1.1.0
139 silly currentTree +-- destroy@1.0.4
139 silly currentTree +-- dottie@1.1.1
139 silly currentTree +-- double-ended-queue@2.1.0-0
139 silly currentTree +-- ecc-jsbn@0.1.1
139 silly currentTree +-- ee-first@1.1.1
139 silly currentTree +-- error-inject@1.0.0
139 silly currentTree +-- escape-html@1.0.3
139 silly currentTree +-- escape-string-regexp@1.0.5
139 silly currentTree +-- extend@3.0.0
139 silly currentTree +-- extsprintf@1.0.2
139 silly currentTree +-- flexbuffer@0.0.6
139 silly currentTree +-- forever-agent@0.6.1
139 silly currentTree +-- form-data@2.0.0
139 silly currentTree +-- fresh@0.3.0
139 silly currentTree +-- generate-function@2.0.0
139 silly currentTree +-- generate-object-property@1.2.0
139 silly currentTree +-- generic-pool@2.4.2
139 silly currentTree +-- getpass@0.1.6
139 silly currentTree | `-- assert-plus@1.0.0
139 silly currentTree +-- graceful-readlink@1.0.1
139 silly currentTree +-- har-validator@2.0.6
139 silly currentTree +-- has-ansi@2.0.0
139 silly currentTree +-- hawk@3.1.3
139 silly currentTree +-- hoek@2.16.3
139 silly currentTree +-- http-assert@1.2.0
139 silly currentTree | `-- http-errors@1.4.0
139 silly currentTree +-- http-errors@1.5.0
139 silly currentTree +-- http-signature@1.1.1
139 silly currentTree +-- iconv-lite@0.4.8
139 silly currentTree +-- inflection@1.10.0
139 silly currentTree +-- inherits@2.0.1
139 silly currentTree +-- ioredis@2.4.0
139 silly currentTree | +-- debug@2.2.0
139 silly currentTree | +-- ms@0.7.1
139 silly currentTree | `-- redis-parser@1.3.0
139 silly currentTree +-- is-my-json-valid@2.14.0
139 silly currentTree +-- is-property@1.0.2
139 silly currentTree +-- is-typedarray@1.0.0
139 silly currentTree +-- isarray@0.0.1
139 silly currentTree +-- isstream@0.1.2
139 silly currentTree +-- jodid25519@1.0.2
139 silly currentTree +-- jsbn@0.1.0
139 silly currentTree +-- json-path@0.1.3
139 silly currentTree +-- json-ptr@0.1.1
139 silly currentTree +-- json-schema@0.2.3
139 silly currentTree +-- json-stringify-safe@5.0.1
139 silly currentTree +-- jsonpointer@2.0.0
139 silly currentTree +-- jsprim@1.3.1
139 silly currentTree +-- keygrip@1.0.1
139 silly currentTree +-- koa-bodyparser@1.6.0
139 silly currentTree +-- koa-compose@2.4.0
139 silly currentTree +-- koa-favicon@1.2.1
139 silly currentTree +-- koa-is-json@1.0.0
139 silly currentTree +-- koa-router@3.8.0
139 silly currentTree | +-- debug@2.2.0
139 silly currentTree | `-- ms@0.7.1
139 silly currentTree +-- koa-send@2.0.2
139 silly currentTree +-- koa-static@1.5.2
139 silly currentTree +-- koa-validate@1.0.7
139 silly currentTree +-- koa@0.21.0
139 silly currentTree | `-- co@4.6.0
139 silly currentTree +-- lodash@4.12.0
139 silly currentTree +-- long-timeout@0.0.2
139 silly currentTree +-- media-typer@0.3.0
139 silly currentTree +-- methods@1.1.2
139 silly currentTree +-- mime-db@1.24.0
139 silly currentTree +-- mime-types@2.1.12
139 silly currentTree +-- moment-timezone@0.5.5
139 silly currentTree +-- moment@2.15.1
139 silly currentTree +-- ms@0.6.2
139 silly currentTree +-- mysql@2.11.1
139 silly currentTree +-- mz@2.4.0
139 silly currentTree +-- negotiator@0.6.1
139 silly currentTree +-- node-schedule@1.1.1
139 silly currentTree +-- node-uuid@1.4.7
139 silly currentTree +-- oauth-sign@0.8.2
139 silly currentTree +-- object-assign@4.1.0
139 silly currentTree +-- on-finished@2.3.0
139 silly currentTree +-- only@0.0.2
139 silly currentTree +-- parseurl@1.3.1
139 silly currentTree +-- path-is-absolute@1.0.0
139 silly currentTree +-- path-to-regexp@1.5.3
139 silly currentTree +-- pinkie-promise@2.0.1
139 silly currentTree +-- pinkie@2.0.4
139 silly currentTree +-- process-nextick-args@1.0.7
139 silly currentTree +-- qs@2.3.3
139 silly currentTree +-- raw-body@1.3.4
139 silly currentTree +-- readable-stream@1.1.14
139 silly currentTree +-- redis-commands@1.2.0
139 silly currentTree +-- redis-parser@2.0.4
139 silly currentTree +-- redis@2.6.2
139 silly currentTree +-- request@2.75.0
139 silly currentTree | `-- qs@6.2.1
139 silly currentTree +-- resolve-path@1.3.2
139 silly currentTree +-- retry-as-promised@2.0.1
139 silly currentTree | +-- debug@2.2.0
139 silly currentTree | `-- ms@0.7.1
139 silly currentTree +-- semver@5.3.0
139 silly currentTree +-- sequelize@3.24.3
139 silly currentTree +-- setprototypeof@1.0.1
139 silly currentTree +-- shimmer@1.1.0
139 silly currentTree +-- sntp@1.0.9
139 silly currentTree +-- sqlstring@2.0.1
139 silly currentTree +-- sshpk@1.10.1
139 silly currentTree | `-- assert-plus@1.0.0
139 silly currentTree +-- statuses@1.3.0
139 silly currentTree +-- string_decoder@0.10.31
139 silly currentTree +-- string-format@0.5.0
139 silly currentTree +-- stringstream@0.0.5
139 silly currentTree +-- strip-ansi@3.0.1
139 silly currentTree +-- supports-color@2.0.0
139 silly currentTree +-- terraformer-wkt-parser@1.1.2
139 silly currentTree +-- terraformer@1.0.6
139 silly currentTree +-- thenify-all@1.6.0
139 silly currentTree +-- thenify@3.2.0
139 silly currentTree +-- thunkify@2.1.2
139 silly currentTree +-- toposort-class@1.0.1
139 silly currentTree +-- tough-cookie@2.3.1
139 silly currentTree +-- tunnel-agent@0.4.3
139 silly currentTree +-- tweetnacl@0.14.3
139 silly currentTree +-- type-is@1.6.13
139 silly currentTree +-- underscore@1.8.3
139 silly currentTree +-- util-deprecate@1.0.2
139 silly currentTree +-- validator@5.7.0
139 silly currentTree +-- vary@1.1.0
139 silly currentTree +-- verror@1.3.6
139 silly currentTree +-- wkx@0.2.0
139 silly currentTree `-- xtend@4.0.1
140 silly idealTree epaper-class-relation@0.0.1
140 silly idealTree +-- accepts@1.3.3
140 silly idealTree +-- ansi-regex@2.0.0
140 silly idealTree +-- ansi-styles@2.2.1
140 silly idealTree +-- any-promise@1.3.0
140 silly idealTree +-- asn1@0.2.3
140 silly idealTree +-- assert-plus@0.2.0
140 silly idealTree +-- asynckit@0.4.0
140 silly idealTree +-- aws-sign2@0.6.0
140 silly idealTree +-- aws4@1.4.1
140 silly idealTree +-- bcrypt-pbkdf@1.0.0
140 silly idealTree +-- bignumber.js@2.3.0
140 silly idealTree +-- bindings@1.2.1
140 silly idealTree +-- bl@1.1.2
140 silly idealTree | +-- isarray@1.0.0
140 silly idealTree | `-- readable-stream@2.0.6
140 silly idealTree +-- bluebird@3.4.6
140 silly idealTree +-- boom@2.10.1
140 silly idealTree +-- bytes@1.0.0
140 silly idealTree +-- caseless@0.11.0
140 silly idealTree +-- chalk@1.1.3
140 silly idealTree +-- cluster-key-slot@1.0.8
140 silly idealTree +-- co-body@1.1.0
140 silly idealTree +-- co@3.1.0
140 silly idealTree +-- combined-stream@1.0.5
140 silly idealTree +-- commander@2.9.0
140 silly idealTree +-- composition@2.3.0
140 silly idealTree | `-- co@4.6.0
140 silly idealTree +-- content-disposition@0.5.1
140 silly idealTree +-- content-type@1.0.2
140 silly idealTree +-- cookies@0.5.1
140 silly idealTree +-- copy-to@2.0.1
140 silly idealTree +-- core-util-is@1.0.2
140 silly idealTree +-- cron-parser@1.1.0
140 silly idealTree +-- cryptiles@2.0.5
140 silly idealTree +-- dashdash@1.14.0
140 silly idealTree | `-- assert-plus@1.0.0
140 silly idealTree +-- debug@1.0.4
140 silly idealTree +-- deep-equal@1.0.1
140 silly idealTree +-- delayed-stream@1.0.0
140 silly idealTree +-- delegates@0.1.0
140 silly idealTree +-- depd@1.1.0
140 silly idealTree +-- destroy@1.0.4
140 silly idealTree +-- dottie@1.1.1
140 silly idealTree +-- double-ended-queue@2.1.0-0
140 silly idealTree +-- ecc-jsbn@0.1.1
140 silly idealTree +-- ee-first@1.1.1
140 silly idealTree +-- error-inject@1.0.0
140 silly idealTree +-- escape-html@1.0.3
140 silly idealTree +-- escape-string-regexp@1.0.5
140 silly idealTree +-- extend@3.0.0
140 silly idealTree +-- extsprintf@1.0.2
140 silly idealTree +-- flexbuffer@0.0.6
140 silly idealTree +-- forever-agent@0.6.1
140 silly idealTree +-- form-data@2.0.0
140 silly idealTree +-- fresh@0.3.0
140 silly idealTree +-- generate-function@2.0.0
140 silly idealTree +-- generate-object-property@1.2.0
140 silly idealTree +-- generic-pool@2.4.2
140 silly idealTree +-- getpass@0.1.6
140 silly idealTree | `-- assert-plus@1.0.0
140 silly idealTree +-- graceful-readlink@1.0.1
140 silly idealTree +-- har-validator@2.0.6
140 silly idealTree +-- has-ansi@2.0.0
140 silly idealTree +-- hawk@3.1.3
140 silly idealTree +-- hiredis@0.5.0
140 silly idealTree +-- hoek@2.16.3
140 silly idealTree +-- http-assert@1.2.0
140 silly idealTree | `-- http-errors@1.4.0
140 silly idealTree +-- http-errors@1.5.0
140 silly idealTree +-- http-signature@1.1.1
140 silly idealTree +-- iconv-lite@0.4.8
140 silly idealTree +-- inflection@1.10.0
140 silly idealTree +-- inherits@2.0.1
140 silly idealTree +-- ioredis@2.4.0
140 silly idealTree | +-- debug@2.2.0
140 silly idealTree | +-- ms@0.7.1
140 silly idealTree | `-- redis-parser@1.3.0
140 silly idealTree +-- is-my-json-valid@2.14.0
140 silly idealTree +-- is-property@1.0.2
140 silly idealTree +-- is-typedarray@1.0.0
140 silly idealTree +-- isarray@0.0.1
140 silly idealTree +-- isstream@0.1.2
140 silly idealTree +-- jodid25519@1.0.2
140 silly idealTree +-- jsbn@0.1.0
140 silly idealTree +-- json-path@0.1.3
140 silly idealTree +-- json-ptr@0.1.1
140 silly idealTree +-- json-schema@0.2.3
140 silly idealTree +-- json-stringify-safe@5.0.1
140 silly idealTree +-- jsonpointer@2.0.0
140 silly idealTree +-- jsprim@1.3.1
140 silly idealTree +-- keygrip@1.0.1
140 silly idealTree +-- koa-bodyparser@1.6.0
140 silly idealTree +-- koa-compose@2.4.0
140 silly idealTree +-- koa-favicon@1.2.1
140 silly idealTree +-- koa-is-json@1.0.0
140 silly idealTree +-- koa-router@3.8.0
140 silly idealTree | +-- debug@2.2.0
140 silly idealTree | `-- ms@0.7.1
140 silly idealTree +-- koa-send@2.0.2
140 silly idealTree +-- koa-static@1.5.2
140 silly idealTree +-- koa-validate@1.0.7
140 silly idealTree +-- koa@0.21.0
140 silly idealTree | `-- co@4.6.0
140 silly idealTree +-- lodash@4.12.0
140 silly idealTree +-- long-timeout@0.0.2
140 silly idealTree +-- media-typer@0.3.0
140 silly idealTree +-- methods@1.1.2
140 silly idealTree +-- mime-db@1.24.0
140 silly idealTree +-- mime-types@2.1.12
140 silly idealTree +-- moment-timezone@0.5.5
140 silly idealTree +-- moment@2.15.1
140 silly idealTree +-- ms@0.6.2
140 silly idealTree +-- mysql@2.11.1
140 silly idealTree +-- mz@2.4.0
140 silly idealTree +-- nan@2.4.0
140 silly idealTree +-- negotiator@0.6.1
140 silly idealTree +-- node-schedule@1.1.1
140 silly idealTree +-- node-uuid@1.4.7
140 silly idealTree +-- oauth-sign@0.8.2
140 silly idealTree +-- object-assign@4.1.0
140 silly idealTree +-- on-finished@2.3.0
140 silly idealTree +-- only@0.0.2
140 silly idealTree +-- parseurl@1.3.1
140 silly idealTree +-- path-is-absolute@1.0.0
140 silly idealTree +-- path-to-regexp@1.5.3
140 silly idealTree +-- pinkie-promise@2.0.1
140 silly idealTree +-- pinkie@2.0.4
140 silly idealTree +-- process-nextick-args@1.0.7
140 silly idealTree +-- qs@2.3.3
140 silly idealTree +-- raw-body@1.3.4
140 silly idealTree +-- readable-stream@1.1.14
140 silly idealTree +-- redis-commands@1.2.0
140 silly idealTree +-- redis-parser@2.0.4
140 silly idealTree +-- redis@2.6.2
140 silly idealTree +-- request@2.75.0
140 silly idealTree | `-- qs@6.2.1
140 silly idealTree +-- resolve-path@1.3.2
140 silly idealTree +-- retry-as-promised@2.0.1
140 silly idealTree | +-- debug@2.2.0
140 silly idealTree | `-- ms@0.7.1
140 silly idealTree +-- semver@5.3.0
140 silly idealTree +-- sequelize@3.24.3
140 silly idealTree +-- setprototypeof@1.0.1
140 silly idealTree +-- shimmer@1.1.0
140 silly idealTree +-- sntp@1.0.9
140 silly idealTree +-- sqlstring@2.0.1
140 silly idealTree +-- sshpk@1.10.1
140 silly idealTree | `-- assert-plus@1.0.0
140 silly idealTree +-- statuses@1.3.0
140 silly idealTree +-- string_decoder@0.10.31
140 silly idealTree +-- string-format@0.5.0
140 silly idealTree +-- stringstream@0.0.5
140 silly idealTree +-- strip-ansi@3.0.1
140 silly idealTree +-- supports-color@2.0.0
140 silly idealTree +-- terraformer-wkt-parser@1.1.2
140 silly idealTree +-- terraformer@1.0.6
140 silly idealTree +-- thenify-all@1.6.0
140 silly idealTree +-- thenify@3.2.0
140 silly idealTree +-- thunkify@2.1.2
140 silly idealTree +-- toposort-class@1.0.1
140 silly idealTree +-- tough-cookie@2.3.1
140 silly idealTree +-- tunnel-agent@0.4.3
140 silly idealTree +-- tweetnacl@0.14.3
140 silly idealTree +-- type-is@1.6.13
140 silly idealTree +-- underscore@1.8.3
140 silly idealTree +-- util-deprecate@1.0.2
140 silly idealTree +-- validator@5.7.0
140 silly idealTree +-- vary@1.1.0
140 silly idealTree +-- verror@1.3.6
140 silly idealTree +-- wkx@0.2.0
140 silly idealTree `-- xtend@4.0.1
141 silly generateActionsToTake Starting
142 silly install generateActionsToTake
143 silly generateActionsToTake Finishing
144 silly diffTrees action count 3
145 silly diffTrees add bindings@1.2.1
146 silly diffTrees add nan@2.4.0
147 silly diffTrees add hiredis@0.5.0
148 silly decomposeActions action count 24
149 silly decomposeActions fetch bindings@1.2.1
150 silly decomposeActions extract bindings@1.2.1
151 silly decomposeActions test bindings@1.2.1
152 silly decomposeActions preinstall bindings@1.2.1
153 silly decomposeActions build bindings@1.2.1
154 silly decomposeActions install bindings@1.2.1
155 silly decomposeActions postinstall bindings@1.2.1
156 silly decomposeActions finalize bindings@1.2.1
157 silly decomposeActions fetch nan@2.4.0
158 silly decomposeActions extract nan@2.4.0
159 silly decomposeActions test nan@2.4.0
160 silly decomposeActions preinstall nan@2.4.0
161 silly decomposeActions build nan@2.4.0
162 silly decomposeActions install nan@2.4.0
163 silly decomposeActions postinstall nan@2.4.0
164 silly decomposeActions finalize nan@2.4.0
165 silly decomposeActions fetch hiredis@0.5.0
166 silly decomposeActions extract hiredis@0.5.0
167 silly decomposeActions test hiredis@0.5.0
168 silly decomposeActions preinstall hiredis@0.5.0
169 silly decomposeActions build hiredis@0.5.0
170 silly decomposeActions install hiredis@0.5.0
171 silly decomposeActions postinstall hiredis@0.5.0
172 silly decomposeActions finalize hiredis@0.5.0
173 silly executeActions Starting
174 silly install executeActions
175 silly doSerial global-install 0
176 silly doParallel fetch 3
177 verbose correctMkdir C:\Users\yuliang\AppData\Roaming\npm-cache\_locks correctMkdir not in flight; initializing
178 verbose lock using C:\Users\yuliang\AppData\Roaming\npm-cache\_locks\staging-08dfa3fbdd7821b0.lock for C:\工作\教辅云\epaper-class-relation\node_modules\.staging
179 silly doParallel extract 3
180 silly extract bindings@1.2.1
181 silly extract nan@2.4.0
182 silly extract hiredis@0.5.0
183 verbose unbuild node_modules\.staging\bindings-b5a56e2a
184 verbose unbuild node_modules\.staging\nan-35e80593
185 verbose unbuild node_modules\.staging\hiredis-785ba383
186 silly gentlyRm C:\工作\教辅云\epaper-class-relation\node_modules\.staging\bindings-b5a56e2a is being purged from base C:\工作\教辅云\epaper-class-relation
187 verbose gentlyRm don't care about contents; nuking C:\工作\教辅云\epaper-class-relation\node_modules\.staging\bindings-b5a56e2a
188 silly gentlyRm C:\工作\教辅云\epaper-class-relation\node_modules\.staging\nan-35e80593 is being purged from base C:\工作\教辅云\epaper-class-relation
189 verbose gentlyRm don't care about contents; nuking C:\工作\教辅云\epaper-class-relation\node_modules\.staging\nan-35e80593
190 silly gentlyRm C:\工作\教辅云\epaper-class-relation\node_modules\.staging\hiredis-785ba383 is being purged from base C:\工作\教辅云\epaper-class-relation
191 verbose gentlyRm don't care about contents; nuking C:\工作\教辅云\epaper-class-relation\node_modules\.staging\hiredis-785ba383
192 verbose tar unpack C:\Users\yuliang\AppData\Roaming\npm-cache\bindings\1.2.1\package.tgz
193 verbose tar unpacking to C:\工作\教辅云\epaper-class-relation\node_modules\.staging\bindings-b5a56e2a
194 silly gentlyRm C:\工作\教辅云\epaper-class-relation\node_modules\.staging\bindings-b5a56e2a is being purged
195 verbose gentlyRm don't care about contents; nuking C:\工作\教辅云\epaper-class-relation\node_modules\.staging\bindings-b5a56e2a
196 verbose tar unpack C:\Users\yuliang\AppData\Roaming\npm-cache\nan\2.4.0\package.tgz
197 verbose tar unpacking to C:\工作\教辅云\epaper-class-relation\node_modules\.staging\nan-35e80593
198 silly gentlyRm C:\工作\教辅云\epaper-class-relation\node_modules\.staging\nan-35e80593 is being purged
199 verbose gentlyRm don't care about contents; nuking C:\工作\教辅云\epaper-class-relation\node_modules\.staging\nan-35e80593
200 verbose tar unpack C:\Users\yuliang\AppData\Roaming\npm-cache\hiredis\0.5.0\package.tgz
201 verbose tar unpacking to C:\工作\教辅云\epaper-class-relation\node_modules\.staging\hiredis-785ba383
202 silly gentlyRm C:\工作\教辅云\epaper-class-relation\node_modules\.staging\hiredis-785ba383 is being purged
203 verbose gentlyRm don't care about contents; nuking C:\工作\教辅云\epaper-class-relation\node_modules\.staging\hiredis-785ba383
204 silly gunzTarPerm modes [ '777', '666' ]
205 silly gunzTarPerm modes [ '777', '666' ]
206 silly gunzTarPerm modes [ '777', '666' ]
207 silly gunzTarPerm extractEntry package.json
208 silly gunzTarPerm modified mode [ 'package.json', 420, 438 ]
209 silly gunzTarPerm extractEntry package.json
210 silly gunzTarPerm modified mode [ 'package.json', 436, 438 ]
211 silly gunzTarPerm extractEntry package.json
212 silly gunzTarPerm modified mode [ 'package.json', 420, 438 ]
213 silly gunzTarPerm extractEntry README.md
214 silly gunzTarPerm modified mode [ 'README.md', 420, 438 ]
215 silly gunzTarPerm extractEntry bindings.js
216 silly gunzTarPerm modified mode [ 'bindings.js', 420, 438 ]
217 silly gunzTarPerm extractEntry README.md
218 silly gunzTarPerm modified mode [ 'README.md', 436, 438 ]
219 silly gunzTarPerm extractEntry .npmignore
220 silly gunzTarPerm modified mode [ '.npmignore', 420, 438 ]
221 silly gunzTarPerm extractEntry README.md
222 silly gunzTarPerm modified mode [ 'README.md', 420, 438 ]
223 silly gunzTarPerm extractEntry include_dirs.js
224 silly gunzTarPerm modified mode [ 'include_dirs.js', 436, 438 ]
225 silly gunzTarPerm extractEntry nan_callbacks_pre_12_inl.h
226 silly gunzTarPerm modified mode [ 'nan_callbacks_pre_12_inl.h', 436, 438 ]
227 silly gunzTarPerm extractEntry CHANGELOG.md
228 silly gunzTarPerm modified mode [ 'CHANGELOG.md', 436, 438 ]
229 silly gunzTarPerm extractEntry LICENSE.md
230 silly gunzTarPerm modified mode [ 'LICENSE.md', 436, 438 ]
231 silly gunzTarPerm extractEntry bench.js
232 silly gunzTarPerm modified mode [ 'bench.js', 420, 438 ]
233 silly gunzTarPerm extractEntry hiredis.js
234 silly gunzTarPerm modified mode [ 'hiredis.js', 420, 438 ]
235 silly gunzTarPerm extractEntry doc/node_misc.md
236 silly gunzTarPerm modified mode [ 'doc/node_misc.md', 436, 438 ]
237 silly gunzTarPerm extractEntry COPYING
238 silly gunzTarPerm modified mode [ 'COPYING', 420, 438 ]
239 silly gunzTarPerm extractEntry Makefile
240 silly gunzTarPerm modified mode [ 'Makefile', 420, 438 ]
241 silly gunzTarPerm extractEntry doc/asyncworker.md
242 silly gunzTarPerm modified mode [ 'doc/asyncworker.md', 436, 438 ]
243 silly gunzTarPerm extractEntry doc/callback.md
244 silly gunzTarPerm modified mode [ 'doc/callback.md', 436, 438 ]
245 silly gunzTarPerm extractEntry appveyor.yml
246 silly gunzTarPerm modified mode [ 'appveyor.yml', 420, 438 ]
247 silly gunzTarPerm extractEntry .gitmodules
248 silly gunzTarPerm modified mode [ '.gitmodules', 420, 438 ]
249 silly gunzTarPerm extractEntry doc/converters.md
250 silly gunzTarPerm modified mode [ 'doc/converters.md', 436, 438 ]
251 silly gunzTarPerm extractEntry doc/errors.md
252 silly gunzTarPerm modified mode [ 'doc/errors.md', 436, 438 ]
253 silly gunzTarPerm extractEntry binding.gyp
254 silly gunzTarPerm modified mode [ 'binding.gyp', 420, 438 ]
255 silly gunzTarPerm extractEntry doc/maybe_types.md
256 silly gunzTarPerm modified mode [ 'doc/maybe_types.md', 436, 438 ]
257 silly gunzTarPerm extractEntry doc/methods.md
258 silly gunzTarPerm modified mode [ 'doc/methods.md', 436, 438 ]
259 silly gentlyRm C:\工作\教辅云\epaper-class-relation\node_modules\.staging\bindings-b5a56e2a\node_modules is being purged
260 verbose gentlyRm don't care about contents; nuking C:\工作\教辅云\epaper-class-relation\node_modules\.staging\bindings-b5a56e2a\node_modules
261 silly gunzTarPerm extractEntry deps/hiredis/.npmignore
262 silly gunzTarPerm modified mode [ 'deps/hiredis/.npmignore', 420, 438 ]
263 silly gunzTarPerm extractEntry deps/hiredis/README.md
264 silly gunzTarPerm modified mode [ 'deps/hiredis/README.md', 420, 438 ]
265 silly gunzTarPerm extractEntry doc/new.md
266 silly gunzTarPerm modified mode [ 'doc/new.md', 436, 438 ]
267 silly gunzTarPerm extractEntry doc/buffers.md
268 silly gunzTarPerm modified mode [ 'doc/buffers.md', 436, 438 ]
269 silly gunzTarPerm extractEntry deps/hiredis/CHANGELOG.md
270 silly gunzTarPerm modified mode [ 'deps/hiredis/CHANGELOG.md', 420, 438 ]
271 silly gunzTarPerm extractEntry deps/hiredis/COPYING
272 silly gunzTarPerm modified mode [ 'deps/hiredis/COPYING', 420, 438 ]
273 silly gunzTarPerm extractEntry doc/object_wrappers.md
274 silly gunzTarPerm modified mode [ 'doc/object_wrappers.md', 436, 438 ]
275 silly gunzTarPerm extractEntry doc/persistent.md
276 silly gunzTarPerm modified mode [ 'doc/persistent.md', 436, 438 ]
277 silly gunzTarPerm extractEntry deps/hiredis/Makefile
278 silly gunzTarPerm modified mode [ 'deps/hiredis/Makefile', 420, 438 ]
279 silly gunzTarPerm extractEntry deps/hiredis/win32.h
280 silly gunzTarPerm modified mode [ 'deps/hiredis/win32.h', 420, 438 ]
281 silly gunzTarPerm extractEntry doc/scopes.md
282 silly gunzTarPerm modified mode [ 'doc/scopes.md', 436, 438 ]
283 silly gunzTarPerm extractEntry doc/script.md
284 silly gunzTarPerm modified mode [ 'doc/script.md', 436, 438 ]
285 silly gunzTarPerm extractEntry deps/hiredis/adapters/ae.h
286 silly gunzTarPerm modified mode [ 'deps/hiredis/adapters/ae.h', 420, 438 ]
287 silly gunzTarPerm extractEntry deps/hiredis/adapters/glib.h
288 silly gunzTarPerm modified mode [ 'deps/hiredis/adapters/glib.h', 420, 438 ]
289 silly gunzTarPerm extractEntry doc/string_bytes.md
290 silly gunzTarPerm modified mode [ 'doc/string_bytes.md', 436, 438 ]
291 silly gunzTarPerm extractEntry doc/v8_internals.md
292 silly gunzTarPerm modified mode [ 'doc/v8_internals.md', 436, 438 ]
293 silly gunzTarPerm extractEntry deps/hiredis/adapters/libev.h
294 silly gunzTarPerm modified mode [ 'deps/hiredis/adapters/libev.h', 420, 438 ]
295 silly gunzTarPerm extractEntry deps/hiredis/adapters/libevent.h
296 silly gunzTarPerm modified mode [ 'deps/hiredis/adapters/libevent.h', 420, 438 ]
297 silly gunzTarPerm extractEntry doc/v8_misc.md
298 silly gunzTarPerm modified mode [ 'doc/v8_misc.md', 436, 438 ]
299 silly gunzTarPerm extractEntry nan.h
300 silly gunzTarPerm modified mode [ 'nan.h', 436, 438 ]
301 silly gunzTarPerm extractEntry deps/hiredis/adapters/libuv.h
302 silly gunzTarPerm modified mode [ 'deps/hiredis/adapters/libuv.h', 420, 438 ]
303 silly gunzTarPerm extractEntry deps/hiredis/async.c
304 silly gunzTarPerm modified mode [ 'deps/hiredis/async.c', 420, 438 ]
305 silly gunzTarPerm extractEntry nan_callbacks.h
306 silly gunzTarPerm modified mode [ 'nan_callbacks.h', 436, 438 ]
307 silly gunzTarPerm extractEntry deps/hiredis/async.h
308 silly gunzTarPerm modified mode [ 'deps/hiredis/async.h', 420, 438 ]
309 silly gunzTarPerm extractEntry deps/hiredis/dict.c
310 silly gunzTarPerm modified mode [ 'deps/hiredis/dict.c', 420, 438 ]
311 silly gunzTarPerm extractEntry deps/hiredis/dict.h
312 silly gunzTarPerm modified mode [ 'deps/hiredis/dict.h', 420, 438 ]
313 silly gunzTarPerm extractEntry nan_callbacks_12_inl.h
314 silly gunzTarPerm modified mode [ 'nan_callbacks_12_inl.h', 436, 438 ]
315 silly gunzTarPerm extractEntry nan_converters.h
316 silly gunzTarPerm modified mode [ 'nan_converters.h', 436, 438 ]
317 silly gunzTarPerm extractEntry nan_converters_43_inl.h
318 silly gunzTarPerm modified mode [ 'nan_converters_43_inl.h', 436, 438 ]
319 silly gunzTarPerm extractEntry nan_converters_pre_43_inl.h
320 silly gunzTarPerm modified mode [ 'nan_converters_pre_43_inl.h', 436, 438 ]
321 silly gunzTarPerm extractEntry deps/hiredis/.travis.yml
322 silly gunzTarPerm modified mode [ 'deps/hiredis/.travis.yml', 420, 438 ]
323 silly gunzTarPerm extractEntry deps/hiredis/fmacros.h
324 silly gunzTarPerm modified mode [ 'deps/hiredis/fmacros.h', 420, 438 ]
325 silly gunzTarPerm extractEntry nan_implementation_12_inl.h
326 silly gunzTarPerm modified mode [ 'nan_implementation_12_inl.h', 436, 438 ]
327 silly gunzTarPerm extractEntry nan_implementation_pre_12_inl.h
328 silly gunzTarPerm modified mode [ 'nan_implementation_pre_12_inl.h', 436, 438 ]
329 silly gunzTarPerm extractEntry nan_maybe_43_inl.h
330 silly gunzTarPerm modified mode [ 'nan_maybe_43_inl.h', 436, 438 ]
331 silly gunzTarPerm extractEntry nan_maybe_pre_43_inl.h
332 silly gunzTarPerm modified mode [ 'nan_maybe_pre_43_inl.h', 436, 438 ]
333 silly gunzTarPerm extractEntry deps/hiredis/hiredis.c
334 silly gunzTarPerm modified mode [ 'deps/hiredis/hiredis.c', 420, 438 ]
335 silly gunzTarPerm extractEntry deps/hiredis/hiredis.h
336 silly gunzTarPerm modified mode [ 'deps/hiredis/hiredis.h', 420, 438 ]
337 silly gunzTarPerm extractEntry nan_new.h
338 silly gunzTarPerm modified mode [ 'nan_new.h', 436, 438 ]
339 silly gunzTarPerm extractEntry nan_object_wrap.h
340 silly gunzTarPerm modified mode [ 'nan_object_wrap.h', 436, 438 ]
341 silly gunzTarPerm extractEntry deps/hiredis/net.c
342 silly gunzTarPerm modified mode [ 'deps/hiredis/net.c', 420, 438 ]
343 silly gunzTarPerm extractEntry deps/hiredis/net.h
344 silly gunzTarPerm modified mode [ 'deps/hiredis/net.h', 420, 438 ]
345 silly gunzTarPerm extractEntry nan_persistent_12_inl.h
346 silly gunzTarPerm modified mode [ 'nan_persistent_12_inl.h', 436, 438 ]
347 silly gunzTarPerm extractEntry nan_persistent_pre_12_inl.h
348 silly gunzTarPerm modified mode [ 'nan_persistent_pre_12_inl.h', 436, 438 ]
349 silly gunzTarPerm extractEntry deps/hiredis/read.c
350 silly gunzTarPerm modified mode [ 'deps/hiredis/read.c', 420, 438 ]
351 silly gunzTarPerm extractEntry deps/hiredis/read.h
352 silly gunzTarPerm modified mode [ 'deps/hiredis/read.h', 420, 438 ]
353 silly gunzTarPerm extractEntry nan_string_bytes.h
354 silly gunzTarPerm modified mode [ 'nan_string_bytes.h', 436, 438 ]
355 silly gunzTarPerm extractEntry nan_typedarray_contents.h
356 silly gunzTarPerm modified mode [ 'nan_typedarray_contents.h', 436, 438 ]
357 silly gunzTarPerm extractEntry deps/hiredis/sds.c
358 silly gunzTarPerm modified mode [ 'deps/hiredis/sds.c', 420, 438 ]
359 silly gunzTarPerm extractEntry deps/hiredis/sds.h
360 silly gunzTarPerm modified mode [ 'deps/hiredis/sds.h', 420, 438 ]
361 silly gunzTarPerm extractEntry nan_weak.h
362 silly gunzTarPerm modified mode [ 'nan_weak.h', 436, 438 ]
363 silly gunzTarPerm extractEntry tools/package.json
364 silly gunzTarPerm modified mode [ 'tools/package.json', 436, 438 ]
365 silly gunzTarPerm extractEntry deps/hiredis/test.c
366 silly gunzTarPerm modified mode [ 'deps/hiredis/test.c', 420, 438 ]
367 silly gunzTarPerm extractEntry deps/hiredis/examples/example-ae.c
368 silly gunzTarPerm modified mode [ 'deps/hiredis/examples/example-ae.c', 420, 438 ]
369 silly gunzTarPerm extractEntry tools/README.md
370 silly gunzTarPerm modified mode [ 'tools/README.md', 436, 438 ]
371 silly gunzTarPerm extractEntry tools/1to2.js
372 silly gunzTarPerm modified mode [ 'tools/1to2.js', 509, 511 ]
373 silly gunzTarPerm extractEntry deps/hiredis/examples/example-glib.c
374 silly gunzTarPerm modified mode [ 'deps/hiredis/examples/example-glib.c', 420, 438 ]
375 silly gunzTarPerm extractEntry deps/hiredis/examples/example-libev.c
376 silly gunzTarPerm modified mode [ 'deps/hiredis/examples/example-libev.c', 420, 438 ]
377 silly gunzTarPerm extractEntry deps/hiredis/examples/example-libevent.c
378 silly gunzTarPerm modified mode [ 'deps/hiredis/examples/example-libevent.c', 420, 438 ]
379 silly gunzTarPerm extractEntry deps/hiredis/examples/example-libuv.c
380 silly gunzTarPerm modified mode [ 'deps/hiredis/examples/example-libuv.c', 420, 438 ]
381 silly gunzTarPerm extractEntry deps/hiredis/examples/example.c
382 silly gunzTarPerm modified mode [ 'deps/hiredis/examples/example.c', 420, 438 ]
383 silly gunzTarPerm extractEntry deps/hiredis.gyp
384 silly gunzTarPerm modified mode [ 'deps/hiredis.gyp', 420, 438 ]
385 silly gunzTarPerm extractEntry .travis.yml
386 silly gunzTarPerm modified mode [ '.travis.yml', 420, 438 ]
387 silly gunzTarPerm extractEntry src/hiredis.cc
388 silly gunzTarPerm modified mode [ 'src/hiredis.cc', 420, 438 ]
389 silly gunzTarPerm extractEntry src/reader.cc
390 silly gunzTarPerm modified mode [ 'src/reader.cc', 420, 438 ]
391 silly gunzTarPerm extractEntry src/reader.h
392 silly gunzTarPerm modified mode [ 'src/reader.h', 420, 438 ]
393 silly gunzTarPerm extractEntry CHANGELOG.md
394 silly gunzTarPerm modified mode [ 'CHANGELOG.md', 420, 438 ]
395 silly gunzTarPerm extractEntry test/reader.js
396 silly gunzTarPerm modified mode [ 'test/reader.js', 420, 438 ]
397 silly gunzTarPerm extractEntry test/testlib.js
398 silly gunzTarPerm modified mode [ 'test/testlib.js', 420, 438 ]
399 silly gunzTarPerm extractEntry test/writer.js
400 silly gunzTarPerm modified mode [ 'test/writer.js', 420, 438 ]
401 silly gentlyRm C:\工作\教辅云\epaper-class-relation\node_modules\.staging\nan-35e80593\node_modules is being purged
402 verbose gentlyRm don't care about contents; nuking C:\工作\教辅云\epaper-class-relation\node_modules\.staging\nan-35e80593\node_modules
403 silly gentlyRm C:\工作\教辅云\epaper-class-relation\node_modules\.staging\hiredis-785ba383\node_modules is being purged
404 verbose gentlyRm don't care about contents; nuking C:\工作\教辅云\epaper-class-relation\node_modules\.staging\hiredis-785ba383\node_modules
405 silly doParallel preinstall 3
406 silly preinstall bindings@1.2.1 C:\工作\教辅云\epaper-class-relation\node_modules\.staging\bindings-b5a56e2a
407 info lifecycle bindings@1.2.1~preinstall: bindings@1.2.1
408 silly preinstall nan@2.4.0 C:\工作\教辅云\epaper-class-relation\node_modules\.staging\nan-35e80593
409 info lifecycle nan@2.4.0~preinstall: nan@2.4.0
410 silly preinstall hiredis@0.5.0 C:\工作\教辅云\epaper-class-relation\node_modules\.staging\hiredis-785ba383
411 info lifecycle hiredis@0.5.0~preinstall: hiredis@0.5.0
412 silly lifecycle bindings@1.2.1~preinstall: no script for preinstall, continuing
413 silly lifecycle nan@2.4.0~preinstall: no script for preinstall, continuing
414 silly lifecycle hiredis@0.5.0~preinstall: no script for preinstall, continuing
415 silly doReverseSerial remove 0
416 silly doSerial move 0
417 silly doSerial finalize 3
418 silly finalize C:\工作\教辅云\epaper-class-relation\node_modules\bindings
419 silly finalize C:\工作\教辅云\epaper-class-relation\node_modules\nan
420 silly finalize C:\工作\教辅云\epaper-class-relation\node_modules\hiredis
421 silly doSerial build 3
422 silly build bindings@1.2.1
423 info linkStuff bindings@1.2.1
424 silly linkStuff bindings@1.2.1 has C:\工作\教辅云\epaper-class-relation\node_modules as its parent node_modules
425 verbose linkBins bindings@1.2.1
426 verbose linkMans bindings@1.2.1
427 silly build nan@2.4.0
428 info linkStuff nan@2.4.0
429 silly linkStuff nan@2.4.0 has C:\工作\教辅云\epaper-class-relation\node_modules as its parent node_modules
430 verbose linkBins nan@2.4.0
431 verbose linkMans nan@2.4.0
432 silly build hiredis@0.5.0
433 info linkStuff hiredis@0.5.0
434 silly linkStuff hiredis@0.5.0 has C:\工作\教辅云\epaper-class-relation\node_modules as its parent node_modules
435 verbose linkBins hiredis@0.5.0
436 verbose linkMans hiredis@0.5.0
437 silly doSerial global-link 0
438 silly doParallel update-linked 0
439 silly doSerial install 3
440 silly install bindings@1.2.1 C:\工作\教辅云\epaper-class-relation\node_modules\.staging\bindings-b5a56e2a
441 info lifecycle bindings@1.2.1~install: bindings@1.2.1
442 silly lifecycle bindings@1.2.1~install: no script for install, continuing
443 silly install nan@2.4.0 C:\工作\教辅云\epaper-class-relation\node_modules\.staging\nan-35e80593
444 info lifecycle nan@2.4.0~install: nan@2.4.0
445 silly lifecycle nan@2.4.0~install: no script for install, continuing
446 silly install hiredis@0.5.0 C:\工作\教辅云\epaper-class-relation\node_modules\.staging\hiredis-785ba383
447 info lifecycle hiredis@0.5.0~install: hiredis@0.5.0
448 verbose lifecycle hiredis@0.5.0~install: unsafe-perm in lifecycle true
449 verbose lifecycle hiredis@0.5.0~install: PATH: C:\Program Files\nodejs\node_modules\npm\bin\node-gyp-bin;C:\工作\教辅云\epaper-class-relation\node_modules\hiredis\node_modules\.bin;C:\工作\教辅云\epaper-class-relation\node_modules\.bin;C:\Program Files\nodejs;C:\WINDOWS\system32;C:\WINDOWS;C:\WINDOWS\System32\Wbem;C:\WINDOWS\System32\WindowsPowerShell\v1.0\;C:\Program Files\Microsoft SQL Server\120\Tools\Binn\;C:\Program Files\TortoiseGit\bin;C:\Program Files\nodejs\;C:\Program Files\Git\cmd;C:\WINDOWS\system32\config\systemprofile\.dnx\bin;C:\Program Files\Microsoft DNX\Dnvm\;C:\Program Files (x86)\Windows Kits\8.1\Windows Performance Toolkit\;C:\Program Files\Microsoft SQL Server\130\Tools\Binn\;C:\Program Files\TortoiseSVN\bin;C:\Program Files (x86)\VisualSVN\bin;C:\Users\yuliang\AppData\Roaming\npm;%USERPROFILE%\AppData\Local\Microsoft\WindowsApps;
450 verbose lifecycle hiredis@0.5.0~install: CWD: C:\工作\教辅云\epaper-class-relation\node_modules\hiredis
451 silly lifecycle hiredis@0.5.0~install: Args: [ '/d /s /c', 'node-gyp rebuild' ]
452 silly lifecycle hiredis@0.5.0~install: Returned: code: 1  signal: null
453 info lifecycle hiredis@0.5.0~install: Failed to exec install script
454 verbose unlock done using C:\Users\yuliang\AppData\Roaming\npm-cache\_locks\staging-08dfa3fbdd7821b0.lock for C:\工作\教辅云\epaper-class-relation\node_modules\.staging
455 silly rollbackFailedOptional Starting
456 silly rollbackFailedOptional Finishing
457 silly runTopLevelLifecycles Starting
458 silly runTopLevelLifecycles Finishing
459 silly install printInstalled
460 verbose stack Error: hiredis@0.5.0 install: `node-gyp rebuild`
460 verbose stack Exit status 1
460 verbose stack     at EventEmitter.<anonymous> (C:\Program Files\nodejs\node_modules\npm\lib\utils\lifecycle.js:242:16)
460 verbose stack     at emitTwo (events.js:106:13)
460 verbose stack     at EventEmitter.emit (events.js:191:7)
460 verbose stack     at ChildProcess.<anonymous> (C:\Program Files\nodejs\node_modules\npm\lib\utils\spawn.js:40:14)
460 verbose stack     at emitTwo (events.js:106:13)
460 verbose stack     at ChildProcess.emit (events.js:191:7)
460 verbose stack     at maybeClose (internal/child_process.js:877:16)
460 verbose stack     at Process.ChildProcess._handle.onexit (internal/child_process.js:226:5)
461 verbose pkgid hiredis@0.5.0
462 verbose cwd C:\工作\教辅云\epaper-class-relation
463 error Windows_NT 10.0.14393
464 error argv "C:\\Program Files\\nodejs\\node.exe" "C:\\Program Files\\nodejs\\node_modules\\npm\\bin\\npm-cli.js" "install" "hiredis" "--save"
465 error node v6.5.0
466 error npm  v3.10.3
467 error code ELIFECYCLE
468 error hiredis@0.5.0 install: `node-gyp rebuild`
468 error Exit status 1
469 error Failed at the hiredis@0.5.0 install script 'node-gyp rebuild'.
469 error Make sure you have the latest version of node.js and npm installed.
469 error If you do, this is most likely a problem with the hiredis package,
469 error not with npm itself.
469 error Tell the author that this fails on your system:
469 error     node-gyp rebuild
469 error You can get information on how to open an issue for this project with:
469 error     npm bugs hiredis
469 error Or if that isn't available, you can get their info via:
469 error     npm owner ls hiredis
469 error There is likely additional logging output above.
470 verbose exit [ 1, true ]
